app/build/intermediates/manifest_merge_blame_file/release/processReleaseMainManifest/manifest-merger-blame-release-report.txt
1<?xml version="1.0" encoding="utf-8"?>
2<manifest xmlns:android="http://schemas.android.com/apk/res/android"
3    package="com.example.virtualapp"
4    android:versionCode="1"
5    android:versionName="1.0" >
6
7    <uses-sdk
8        android:minSdkVersion="21"
9        android:targetSdkVersion="31" />
10
11    <!-- ==================== اجازه‌های اینترنت و شبکه ==================== -->
12    <uses-permission android:name="android.permission.INTERNET" />
12-->src/main/AndroidManifest.xml:7:5-67
12-->src/main/AndroidManifest.xml:7:22-64
13    <uses-permission android:name="android.permission.ACCESS_NETWORK_STATE" />
13-->src/main/AndroidManifest.xml:8:5-79
13-->src/main/AndroidManifest.xml:8:22-76
14    <uses-permission android:name="android.permission.ACCESS_WIFI_STATE" />
14-->src/main/AndroidManifest.xml:9:5-76
14-->src/main/AndroidManifest.xml:9:22-73
15    <uses-permission android:name="android.permission.CHANGE_WIFI_STATE" />
15-->src/main/AndroidManifest.xml:10:5-76
15-->src/main/AndroidManifest.xml:10:22-73
16    <uses-permission android:name="android.permission.WRITE_EXTERNAL_STORAGE" />
16-->src/main/AndroidManifest.xml:11:5-81
16-->src/main/AndroidManifest.xml:11:22-78
17    <uses-permission android:name="android.permission.READ_EXTERNAL_STORAGE" />
17-->src/main/AndroidManifest.xml:12:5-80
17-->src/main/AndroidManifest.xml:12:22-77
18    <uses-permission android:name="android.permission.READ_PHONE_STATE" />
18-->src/main/AndroidManifest.xml:13:5-75
18-->src/main/AndroidManifest.xml:13:22-72
19    <uses-permission android:name="android.permission.GET_ACCOUNTS" />
19-->src/main/AndroidManifest.xml:14:5-71
19-->src/main/AndroidManifest.xml:14:22-68
20    <uses-permission android:name="android.permission.ACCESS_FINE_LOCATION" />
20-->src/main/AndroidManifest.xml:15:5-79
20-->src/main/AndroidManifest.xml:15:22-76
21    <uses-permission android:name="android.permission.ACCESS_COARSE_LOCATION" />
21-->src/main/AndroidManifest.xml:16:5-81
21-->src/main/AndroidManifest.xml:16:22-78
22    <uses-permission android:name="android.permission.READ_MEDIA_IMAGES" />
22-->src/main/AndroidManifest.xml:17:5-76
22-->src/main/AndroidManifest.xml:17:22-73
23    <uses-permission android:name="android.permission.READ_MEDIA_VIDEO" />
23-->src/main/AndroidManifest.xml:18:5-75
23-->src/main/AndroidManifest.xml:18:22-72
24    <uses-permission android:name="android.permission.READ_MEDIA_AUDIO" />
24-->src/main/AndroidManifest.xml:19:5-75
24-->src/main/AndroidManifest.xml:19:22-72
25    <uses-permission android:name="android.permission.POST_NOTIFICATIONS" />
25-->src/main/AndroidManifest.xml:20:5-77
25-->src/main/AndroidManifest.xml:20:22-74
26    <uses-permission android:name="com.google.android.gms.permission.AD_ID" />
26-->src/main/AndroidManifest.xml:21:5-79
26-->src/main/AndroidManifest.xml:21:22-76
27
28    <!-- ==================== فیلترهای Intent ==================== -->
29    <queries>
29-->src/main/AndroidManifest.xml:24:5-33:15
30        <intent>
30-->src/main/AndroidManifest.xml:25:9-28:18
31            <action android:name="android.intent.action.VIEW" />
31-->src/main/AndroidManifest.xml:26:13-65
31-->src/main/AndroidManifest.xml:26:21-62
32
33            <data android:scheme="https" />
33-->src/main/AndroidManifest.xml:27:13-44
33-->src/main/AndroidManifest.xml:27:19-41
34        </intent>
35        <intent>
35-->src/main/AndroidManifest.xml:29:9-32:18
36            <action android:name="android.intent.action.VIEW" />
36-->src/main/AndroidManifest.xml:26:13-65
36-->src/main/AndroidManifest.xml:26:21-62
37
38            <data android:scheme="http" />
38-->src/main/AndroidManifest.xml:27:13-44
38-->src/main/AndroidManifest.xml:27:19-41
39        </intent>
40    </queries>
41
42    <application
42-->src/main/AndroidManifest.xml:35:5-83:19
43        android:allowBackup="true"
43-->src/main/AndroidManifest.xml:36:9-35
44        android:appComponentFactory="androidx.core.app.CoreComponentFactory"
44-->[androidx.core:core:1.7.0] AndroidManifest.xml:24:18-86
45        android:extractNativeLibs="true"
46        android:icon="@drawable/ic_launcher"
46-->src/main/AndroidManifest.xml:37:9-45
47        android:label="Virtual Device"
47-->src/main/AndroidManifest.xml:39:9-39
48        android:networkSecurityConfig="@xml/network_security_config"
48-->src/main/AndroidManifest.xml:43:9-69
49        android:roundIcon="@drawable/ic_launcher_round"
49-->src/main/AndroidManifest.xml:38:9-56
50        android:supportsRtl="true"
50-->src/main/AndroidManifest.xml:40:9-35
51        android:theme="@style/Theme.AppCompat.Light.DarkActionBar"
51-->src/main/AndroidManifest.xml:41:9-67
52        android:usesCleartextTraffic="true" >
52-->src/main/AndroidManifest.xml:42:9-44
53
54        <!-- ==================== کتابخانه قدیمی برای HTTP ==================== -->
55        <uses-library
55-->src/main/AndroidManifest.xml:47:9-49:40
56            android:name="org.apache.http.legacy"
56-->src/main/AndroidManifest.xml:48:13-50
57            android:required="false" />
57-->src/main/AndroidManifest.xml:49:13-37
58
59        <!-- ==================== Activity اصلی ==================== -->
60        <activity
60-->src/main/AndroidManifest.xml:52:9-60:20
61            android:name="com.example.virtualapp.ui.MainActivity"
61-->src/main/AndroidManifest.xml:53:13-44
62            android:configChanges="orientation|screenSize|keyboardHidden"
62-->src/main/AndroidManifest.xml:55:13-74
63            android:exported="true" >
63-->src/main/AndroidManifest.xml:54:13-36
64            <intent-filter>
64-->src/main/AndroidManifest.xml:56:13-59:29
65                <action android:name="android.intent.action.MAIN" />
65-->src/main/AndroidManifest.xml:57:17-69
65-->src/main/AndroidManifest.xml:57:25-66
66
67                <category android:name="android.intent.category.LAUNCHER" />
67-->src/main/AndroidManifest.xml:58:17-77
67-->src/main/AndroidManifest.xml:58:27-74
68            </intent-filter>
69        </activity>
70
71        <!-- ==================== FileProvider برای دانلود ==================== -->
72        <provider
73            android:name="androidx.core.content.FileProvider"
73-->src/main/AndroidManifest.xml:64:13-62
74            android:authorities="com.example.virtualapp.fileprovider"
74-->src/main/AndroidManifest.xml:65:13-64
75            android:exported="false"
75-->src/main/AndroidManifest.xml:66:13-37
76            android:grantUriPermissions="true" >
76-->src/main/AndroidManifest.xml:67:13-47
77            <meta-data
77-->src/main/AndroidManifest.xml:68:13-70:54
78                android:name="android.support.FILE_PROVIDER_PATHS"
78-->src/main/AndroidManifest.xml:69:17-67
79                android:resource="@xml/file_paths" />
79-->src/main/AndroidManifest.xml:70:17-51
80        </provider>
81
82        <!-- ==================== سرویس دانلود ==================== -->
83        <service
83-->src/main/AndroidManifest.xml:74:9-76:40
84            android:name="com.example.virtualapp.services.DownloadService"
84-->src/main/AndroidManifest.xml:75:13-53
85            android:exported="false" />
85-->src/main/AndroidManifest.xml:76:13-37
86
87        <!-- ==================== Google Play Services ==================== -->
88        <meta-data
88-->src/main/AndroidManifest.xml:79:9-81:69
89            android:name="com.google.android.gms.version"
89-->src/main/AndroidManifest.xml:80:13-58
90            android:value="@integer/google_play_services_version" />
90-->src/main/AndroidManifest.xml:81:13-66
91
92        <activity
92-->[com.google.android.gms:play-services-base:18.5.0] AndroidManifest.xml:5:9-173
93            android:name="com.google.android.gms.common.api.GoogleApiActivity"
93-->[com.google.android.gms:play-services-base:18.5.0] AndroidManifest.xml:5:19-85
94            android:exported="false"
94-->[com.google.android.gms:play-services-base:18.5.0] AndroidManifest.xml:5:146-170
95            android:theme="@android:style/Theme.Translucent.NoTitleBar" />
95-->[com.google.android.gms:play-services-base:18.5.0] AndroidManifest.xml:5:86-145
96
97        <provider
97-->[androidx.emoji2:emoji2:1.0.0] AndroidManifest.xml:26:9-34:20
98            android:name="androidx.startup.InitializationProvider"
98-->[androidx.emoji2:emoji2:1.0.0] AndroidManifest.xml:27:13-67
99            android:authorities="com.example.virtualapp.androidx-startup"
99-->[androidx.emoji2:emoji2:1.0.0] AndroidManifest.xml:28:13-68
100            android:exported="false" >
100-->[androidx.emoji2:emoji2:1.0.0] AndroidManifest.xml:29:13-37
101            <meta-data
101-->[androidx.emoji2:emoji2:1.0.0] AndroidManifest.xml:31:13-33:52
102                android:name="androidx.emoji2.text.EmojiCompatInitializer"
102-->[androidx.emoji2:emoji2:1.0.0] AndroidManifest.xml:32:17-75
103                android:value="androidx.startup" />
103-->[androidx.emoji2:emoji2:1.0.0] AndroidManifest.xml:33:17-49
104            <meta-data
104-->[androidx.lifecycle:lifecycle-process:2.4.0] AndroidManifest.xml:31:13-33:52
105                android:name="androidx.lifecycle.ProcessLifecycleInitializer"
105-->[androidx.lifecycle:lifecycle-process:2.4.0] AndroidManifest.xml:32:17-78
106                android:value="androidx.startup" />
106-->[androidx.lifecycle:lifecycle-process:2.4.0] AndroidManifest.xml:33:17-49
107        </provider>
108    </application>
109
110</manifest>